#-----------------------------------------------------------
# Vivado v2019.2 (64-bit)
# SW Build 2708876 on Wed Nov  6 21:40:23 MST 2019
# IP Build 2700528 on Thu Nov  7 00:09:20 MST 2019
# Start of session at: Thu Aug 11 13:18:02 2022
# Process ID: 16760
# Current directory: D:/Xilinx_Project/soc_like_0x7C00/vivado
# Command line: vivado.exe -gui_launcher_event rodinguilauncherevent4576 D:\Xilinx_Project\soc_like_0x7C00\vivado\soc_like_0x7C00.xpr
# Log file: D:/Xilinx_Project/soc_like_0x7C00/vivado/vivado.log
# Journal file: D:/Xilinx_Project/soc_like_0x7C00/vivado\vivado.jou
#-----------------------------------------------------------
start_gui
open_project D:/Xilinx_Project/soc_like_0x7C00/vivado/soc_like_0x7C00.xpr
INFO: [Project 1-313] Project file moved from 'D:/Xilinx_Project/soc_like_0x7C00/soc_like_0x7C00' since last save.
Scanning sources...
Finished scanning sources
INFO: [IP_Flow 19-234] Refreshing IP repositories
INFO: [IP_Flow 19-1704] No user IP repositories specified
INFO: [IP_Flow 19-2313] Loaded Vivado IP repository 'D:/Xilinx/Vivado/2019.2/data/ip'.
exit
INFO: [Common 17-206] Exiting Vivado at Thu Aug 11 13:18:49 2022...
